\BOOKMARK [0][-]{chapter.1}{\376\377\0001\000\040\000H\000i\000e\000r\000a\000r\000c\000h\000i\000c\000a\000l\000\040\000I\000n\000d\000e\000x}{}% 1
\BOOKMARK [1][-]{section.1.1}{\376\377\0001\000.\0001\000\040\000C\000l\000a\000s\000s\000\040\000H\000i\000e\000r\000a\000r\000c\000h\000y}{chapter.1}% 2
\BOOKMARK [0][-]{chapter.2}{\376\377\0002\000\040\000C\000l\000a\000s\000s\000\040\000I\000n\000d\000e\000x}{}% 3
\BOOKMARK [1][-]{section.2.1}{\376\377\0002\000.\0001\000\040\000C\000l\000a\000s\000s\000\040\000L\000i\000s\000t}{chapter.2}% 4
\BOOKMARK [0][-]{chapter.3}{\376\377\0003\000\040\000C\000l\000a\000s\000s\000\040\000D\000o\000c\000u\000m\000e\000n\000t\000a\000t\000i\000o\000n}{}% 5
\BOOKMARK [1][-]{section.3.1}{\376\377\0003\000.\0001\000\040\000t\000p\000g\000m\000m\000.\000u\000t\000i\000l\000s\000.\000l\000e\000a\000r\000n\000i\000n\000g\000\137\000m\000o\000d\000u\000l\000e\000s\000.\000C\000l\000a\000s\000s\000i\000f\000i\000c\000a\000t\000i\000o\000n\000M\000o\000d\000u\000l\000e\000\040\000C\000l\000a\000s\000s\000\040\000R\000e\000f\000e\000r\000e\000n\000c\000e}{chapter.3}% 6
\BOOKMARK [2][-]{subsection.3.1.1}{\376\377\0003\000.\0001\000.\0001\000\040\000M\000e\000m\000b\000e\000r\000\040\000F\000u\000n\000c\000t\000i\000o\000n\000\040\000D\000o\000c\000u\000m\000e\000n\000t\000a\000t\000i\000o\000n}{section.3.1}% 7
\BOOKMARK [3][-]{subsubsection.3.1.1.1}{\376\377\0003\000.\0001\000.\0001\000.\0001\000\040\000a\000i\000c\000\050\000\051}{subsection.3.1.1}% 8
\BOOKMARK [3][-]{subsubsection.3.1.1.2}{\376\377\0003\000.\0001\000.\0001\000.\0002\000\040\000b\000i\000c\000\050\000\051}{subsection.3.1.1}% 9
\BOOKMARK [3][-]{subsubsection.3.1.1.3}{\376\377\0003\000.\0001\000.\0001\000.\0003\000\040\000d\000a\000v\000i\000e\000s\000\137\000b\000o\000u\000l\000d\000i\000n\000\137\000s\000c\000o\000r\000e\000\050\000\051}{subsection.3.1.1}% 10
\BOOKMARK [3][-]{subsubsection.3.1.1.4}{\376\377\0003\000.\0001\000.\0001\000.\0004\000\040\000i\000n\000e\000r\000t\000i\000a\000\050\000\051}{subsection.3.1.1}% 11
\BOOKMARK [3][-]{subsubsection.3.1.1.5}{\376\377\0003\000.\0001\000.\0001\000.\0005\000\040\000s\000c\000o\000r\000e\000\050\000\051}{subsection.3.1.1}% 12
\BOOKMARK [1][-]{section.3.2}{\376\377\0003\000.\0002\000\040\000t\000p\000g\000m\000m\000.\000g\000m\000r\000.\000g\000m\000r\000.\000G\000a\000u\000s\000s\000i\000a\000n\000M\000i\000x\000t\000u\000r\000e\000R\000e\000g\000r\000e\000s\000s\000i\000o\000n\000\040\000C\000l\000a\000s\000s\000\040\000R\000e\000f\000e\000r\000e\000n\000c\000e}{chapter.3}% 13
\BOOKMARK [2][-]{subsection.3.2.1}{\376\377\0003\000.\0002\000.\0001\000\040\000D\000e\000t\000a\000i\000l\000e\000d\000\040\000D\000e\000s\000c\000r\000i\000p\000t\000i\000o\000n}{section.3.2}% 14
\BOOKMARK [2][-]{subsection.3.2.2}{\376\377\0003\000.\0002\000.\0002\000\040\000M\000e\000m\000b\000e\000r\000\040\000F\000u\000n\000c\000t\000i\000o\000n\000\040\000D\000o\000c\000u\000m\000e\000n\000t\000a\000t\000i\000o\000n}{section.3.2}% 15
\BOOKMARK [3][-]{subsubsection.3.2.2.1}{\376\377\0003\000.\0002\000.\0002\000.\0001\000\040\000f\000i\000t\000\050\000\051}{subsection.3.2.2}% 16
\BOOKMARK [3][-]{subsubsection.3.2.2.2}{\376\377\0003\000.\0002\000.\0002\000.\0002\000\040\000n\000u\000m\000\137\000i\000n\000p\000u\000t\000\137\000f\000e\000a\000t\000u\000r\000e\000s\000\050\000\051}{subsection.3.2.2}% 17
\BOOKMARK [3][-]{subsubsection.3.2.2.3}{\376\377\0003\000.\0002\000.\0002\000.\0003\000\040\000n\000u\000m\000\137\000o\000u\000t\000p\000u\000t\000\137\000f\000e\000a\000t\000u\000r\000e\000s\000\050\000\051}{subsection.3.2.2}% 18
\BOOKMARK [3][-]{subsubsection.3.2.2.4}{\376\377\0003\000.\0002\000.\0002\000.\0004\000\040\000p\000r\000e\000d\000i\000c\000t\000\050\000\051}{subsection.3.2.2}% 19
\BOOKMARK [1][-]{section.3.3}{\376\377\0003\000.\0003\000\040\000t\000p\000g\000m\000m\000.\000u\000t\000i\000l\000s\000.\000l\000e\000a\000r\000n\000i\000n\000g\000\137\000m\000o\000d\000u\000l\000e\000s\000.\000L\000e\000a\000r\000n\000i\000n\000g\000M\000o\000d\000u\000l\000e\000\040\000C\000l\000a\000s\000s\000\040\000R\000e\000f\000e\000r\000e\000n\000c\000e}{chapter.3}% 20
\BOOKMARK [2][-]{subsection.3.3.1}{\376\377\0003\000.\0003\000.\0001\000\040\000D\000e\000t\000a\000i\000l\000e\000d\000\040\000D\000e\000s\000c\000r\000i\000p\000t\000i\000o\000n}{section.3.3}% 21
\BOOKMARK [2][-]{subsection.3.3.2}{\376\377\0003\000.\0003\000.\0002\000\040\000M\000e\000m\000b\000e\000r\000\040\000F\000u\000n\000c\000t\000i\000o\000n\000\040\000D\000o\000c\000u\000m\000e\000n\000t\000a\000t\000i\000o\000n}{section.3.3}% 22
\BOOKMARK [3][-]{subsubsection.3.3.2.1}{\376\377\0003\000.\0003\000.\0002\000.\0001\000\040\000f\000i\000t\000\137\000p\000r\000e\000d\000i\000c\000t\000\050\000\051}{subsection.3.3.2}% 23
\BOOKMARK [1][-]{section.3.4}{\376\377\0003\000.\0004\000\040\000t\000p\000g\000m\000m\000.\000u\000t\000i\000l\000s\000.\000l\000e\000a\000r\000n\000i\000n\000g\000\137\000m\000o\000d\000u\000l\000e\000s\000.\000R\000e\000g\000r\000e\000s\000s\000i\000o\000n\000M\000o\000d\000e\000l\000\040\000C\000l\000a\000s\000s\000\040\000R\000e\000f\000e\000r\000e\000n\000c\000e}{chapter.3}% 24
\BOOKMARK [2][-]{subsection.3.4.1}{\376\377\0003\000.\0004\000.\0001\000\040\000D\000e\000t\000a\000i\000l\000e\000d\000\040\000D\000e\000s\000c\000r\000i\000p\000t\000i\000o\000n}{section.3.4}% 25
\BOOKMARK [1][-]{section.3.5}{\376\377\0003\000.\0005\000\040\000t\000p\000g\000m\000m\000.\000T\000P\000G\000M\000M\000\040\000C\000l\000a\000s\000s\000\040\000R\000e\000f\000e\000r\000e\000n\000c\000e}{chapter.3}% 26
\BOOKMARK [2][-]{subsection.3.5.1}{\376\377\0003\000.\0005\000.\0001\000\040\000D\000e\000t\000a\000i\000l\000e\000d\000\040\000D\000e\000s\000c\000r\000i\000p\000t\000i\000o\000n}{section.3.5}% 27
\BOOKMARK [2][-]{subsection.3.5.2}{\376\377\0003\000.\0005\000.\0002\000\040\000C\000o\000n\000s\000t\000r\000u\000c\000t\000o\000r\000\040\000\046\000\040\000D\000e\000s\000t\000r\000u\000c\000t\000o\000r\000\040\000D\000o\000c\000u\000m\000e\000n\000t\000a\000t\000i\000o\000n}{section.3.5}% 28
\BOOKMARK [3][-]{subsubsection.3.5.2.1}{\376\377\0003\000.\0005\000.\0002\000.\0001\000\040\000\137\000\137\000i\000n\000i\000t\000\137\000\137\000\050\000\051}{subsection.3.5.2}% 29
\BOOKMARK [2][-]{subsection.3.5.3}{\376\377\0003\000.\0005\000.\0003\000\040\000M\000e\000m\000b\000e\000r\000\040\000F\000u\000n\000c\000t\000i\000o\000n\000\040\000D\000o\000c\000u\000m\000e\000n\000t\000a\000t\000i\000o\000n}{section.3.5}% 30
\BOOKMARK [3][-]{subsubsection.3.5.3.1}{\376\377\0003\000.\0005\000.\0003\000.\0001\000\040\000b\000i\000c\000\050\000\051}{subsection.3.5.3}% 31
\BOOKMARK [3][-]{subsubsection.3.5.3.2}{\376\377\0003\000.\0005\000.\0003\000.\0002\000\040\000c\000o\000n\000f\000i\000g\000\050\000\051}{subsection.3.5.3}% 32
\BOOKMARK [3][-]{subsubsection.3.5.3.3}{\376\377\0003\000.\0005\000.\0003\000.\0003\000\040\000f\000i\000t\000\050\000\051}{subsection.3.5.3}% 33
\BOOKMARK [3][-]{subsubsection.3.5.3.4}{\376\377\0003\000.\0005\000.\0003\000.\0004\000\040\000g\000a\000u\000s\000s\000\137\000c\000d\000f\000\050\000\051}{subsection.3.5.3}% 34
\BOOKMARK [3][-]{subsubsection.3.5.3.5}{\376\377\0003\000.\0005\000.\0003\000.\0005\000\040\000p\000r\000e\000d\000i\000c\000t\000\050\000\051}{subsection.3.5.3}% 35
\BOOKMARK [3][-]{subsubsection.3.5.3.6}{\376\377\0003\000.\0005\000.\0003\000.\0006\000\040\000p\000r\000e\000d\000i\000c\000t\000\137\000p\000r\000o\000b\000a\000\050\000\051}{subsection.3.5.3}% 36
\BOOKMARK [3][-]{subsubsection.3.5.3.7}{\376\377\0003\000.\0005\000.\0003\000.\0007\000\040\000s\000c\000o\000r\000e\000\050\000\051}{subsection.3.5.3}% 37
\BOOKMARK [3][-]{subsubsection.3.5.3.8}{\376\377\0003\000.\0005\000.\0003\000.\0008\000\040\000s\000i\000l\000h\000o\000u\000e\000t\000t\000e\000\137\000s\000c\000o\000r\000e\000\050\000\051}{subsection.3.5.3}% 38
\BOOKMARK [2][-]{subsection.3.5.4}{\376\377\0003\000.\0005\000.\0004\000\040\000M\000e\000m\000b\000e\000r\000\040\000D\000a\000t\000a\000\040\000D\000o\000c\000u\000m\000e\000n\000t\000a\000t\000i\000o\000n}{section.3.5}% 39
\BOOKMARK [3][-]{subsubsection.3.5.4.1}{\376\377\0003\000.\0005\000.\0004\000.\0001\000\040\000c\000o\000v\000a\000r\000i\000a\000n\000c\000e\000s\000\137}{subsection.3.5.4}% 40
\BOOKMARK [0][-]{section*.18}{\376\377\000I\000n\000d\000e\000x}{}% 41
